<?xml version="1.0" encoding="UTF-8"?>
<!-- Generated by org.testng.reporters.JUnitReportReporter -->
<testsuite hostname="CSGBTPLT410" failures="0" tests="3" name="csg.runners.TestRunner01" time="11.022" errors="0" timestamp="2022-11-01T19:51:45 IST" skipped="0">
  <testcase classname="csg.runners.TestRunner01" name="runScenario" time="4.094"/>
  <system-out/>
  <testcase classname="csg.runners.TestRunner01" name="runScenario" time="4.297"/>
  <system-out/>
  <testcase classname="csg.runners.TestRunner01" name="runScenario" time="2.631"/>
  <system-out/>
</testsuite> <!-- csg.runners.TestRunner01 -->
