<?xml version="1.0" encoding="UTF-8"?>
<!-- Generated by org.testng.reporters.JUnitReportReporter -->
<testsuite hostname="CSGBTPLT410" failures="0" tests="1" name="csg.runners.TestRunner02" time="0.562" errors="0" timestamp="2022-10-31T12:53:38 IST" skipped="0">
  <testcase classname="csg.runners.TestRunner02" name="runScenario" time="0.562"/>
  <system-out/>
</testsuite> <!-- csg.runners.TestRunner02 -->
