<?xml version="1.0" encoding="UTF-8"?>
<!-- Generated by org.testng.reporters.JUnitReportReporter -->
<testsuite hostname="CSGBTPLT410" failures="0" tests="1" name="mmr.runners.TestRunner" time="31.727" errors="0" timestamp="2022-10-29T10:30:01 IST" skipped="0">
  <testcase classname="mmr.runners.TestRunner" name="runScenario" time="31.727"/>
  <system-out/>
</testsuite> <!-- mmr.runners.TestRunner -->
