<?xml version="1.0" encoding="UTF-8"?>
<!-- Generated by org.testng.reporters.JUnitReportReporter -->
<testsuite hostname="CSGBTPLT410" failures="0" tests="14" name="csg.runners.TestRunner" time="6.796" errors="0" timestamp="2022-10-31T12:18:32 IST" skipped="0">
  <testcase classname="csg.runners.TestRunner" name="runScenario" time="0.039"/>
  <system-out/>
  <testcase classname="csg.runners.TestRunner" name="runScenario" time="0.044"/>
  <system-out/>
  <testcase classname="csg.runners.TestRunner" name="runScenario" time="3.743"/>
  <system-out/>
  <testcase classname="csg.runners.TestRunner" name="runScenario" time="0.040"/>
  <system-out/>
  <testcase classname="csg.runners.TestRunner" name="runScenario" time="0.037"/>
  <system-out/>
  <testcase classname="csg.runners.TestRunner" name="runScenario" time="0.038"/>
  <system-out/>
  <testcase classname="csg.runners.TestRunner" name="runScenario" time="0.049"/>
  <system-out/>
  <testcase classname="csg.runners.TestRunner" name="runScenario" time="0.042"/>
  <system-out/>
  <testcase classname="csg.runners.TestRunner" name="runScenario" time="0.051"/>
  <system-out/>
  <testcase classname="csg.runners.TestRunner" name="runScenario" time="0.044"/>
  <system-out/>
  <testcase classname="csg.runners.TestRunner" name="runScenario" time="0.052"/>
  <system-out/>
  <testcase classname="csg.runners.TestRunner" name="runScenario" time="0.037"/>
  <system-out/>
  <testcase classname="csg.runners.TestRunner" name="runScenario" time="2.536"/>
  <system-out/>
  <testcase classname="csg.runners.TestRunner" name="runScenario" time="0.044"/>
  <system-out/>
</testsuite> <!-- csg.runners.TestRunner -->
